

Microchip MPLAB XC8 Assembler V2.40 build 20220703182018 
                                                                                               Fri Nov 24 00:41:24 2023

Microchip MPLAB XC8 C Compiler v2.40 (Free license) build 20220703182018 Og1 
     1                           	processor	12F1822
     2                           	pagewidth 120
     3                           	opt	flic
     4                           	psect	cinit,global,class=CODE,merge=1,delta=2
     5                           	psect	bssCOMMON,global,class=COMMON,space=1,delta=1,noexec
     6                           	psect	cstackCOMMON,global,class=COMMON,space=1,delta=1,noexec
     7                           	psect	maintext,global,class=CODE,merge=1,split=1,delta=2
     8                           	psect	text1,local,class=CODE,merge=1,delta=2
     9                           	psect	text2,local,class=CODE,merge=1,delta=2
    10                           	psect	intentry,global,class=CODE,delta=2
    11                           	psect	idloc,global,abs,ovrld,class=IDLOC,space=5,delta=2,noexec
    12                           	psect	config,global,abs,ovrld,class=CONFIG,space=4,delta=2,noexec
    13                           	dabs	1,0x7E,2
    14     0000                     
    15                           ; Version 2.40
    16                           ; Generated 17/11/2021 GMT
    17                           ; 
    18                           ; Copyright © 2021, Microchip Technology Inc. and its subsidiaries ("Microchip")
    19                           ; All rights reserved.
    20                           ; 
    21                           ; This software is developed by Microchip Technology Inc. and its subsidiaries ("Microch
      +                          ip").
    22                           ; 
    23                           ; Redistribution and use in source and binary forms, with or without modification, are
    24                           ; permitted provided that the following conditions are met:
    25                           ; 
    26                           ;     1. Redistributions of source code must retain the above copyright notice, this lis
      +                          t of
    27                           ;        conditions and the following disclaimer.
    28                           ; 
    29                           ;     2. Redistributions in binary form must reproduce the above copyright notice, this 
      +                          list
    30                           ;        of conditions and the following disclaimer in the documentation and/or other
    31                           ;        materials provided with the distribution. Publication is not required when
    32                           ;        this file is used in an embedded application.
    33                           ; 
    34                           ;     3. Microchip's name may not be used to endorse or promote products derived from th
      +                          is
    35                           ;        software without specific prior written permission.
    36                           ; 
    37                           ; THIS SOFTWARE IS PROVIDED BY MICROCHIP "AS IS" AND ANY EXPRESS OR IMPLIED WARRANTIES,
    38                           ; INCLUDING, BUT NOT LIMITED TO, THE IMPLIED WARRANTIES OF MERCHANTABILITY AND FITNESS F
      +                          OR
    39                           ; PURPOSE ARE DISCLAIMED.  IN NO EVENT SHALL MICROCHIP BE LIABLE FOR ANY DIRECT, INDIREC
      +                          T,
    40                           ; INCIDENTAL, SPECIAL, EXEMPLARY, OR CONSEQUENTIAL DAMAGES (INCLUDING BUT NOT LIMITED TO
    41                           ; PROCUREMENT OF SUBSTITUTE GOODS OR SERVICES; LOSS OF USE, DATA OR PROFITS; OR BUSINESS
    42                           ; INTERRUPTION) HOWSOEVER CAUSED AND ON ANY THEORY OF LIABILITY, WHETHER IN CONTRACT, ST
      +                          RICT
    43                           ; LIABILITY, OR TORT (INCLUDING NEGLIGENCE OR OTHERWISE) ARISING IN ANY WAY OUT OF THE U
      +                          SE OF
    44                           ; THIS SOFTWARE, EVEN IF ADVISED OF THE POSSIBILITY OF SUCH DAMAGE.
    45                           ; 
    46                           ; 
    47                           ; Code-generator required, PIC12F1822 Definitions
    48                           ; 
    49                           ; SFR Addresses
    50     0000                     	;# 
    51     0001                     	;# 
    52     0002                     	;# 
    53     0003                     	;# 
    54     0004                     	;# 
    55     0005                     	;# 
    56     0006                     	;# 
    57     0007                     	;# 
    58     0008                     	;# 
    59     0009                     	;# 
    60     000A                     	;# 
    61     000B                     	;# 
    62     000C                     	;# 
    63     0011                     	;# 
    64     0012                     	;# 
    65     0015                     	;# 
    66     0016                     	;# 
    67     0016                     	;# 
    68     0017                     	;# 
    69     0018                     	;# 
    70     0019                     	;# 
    71     001A                     	;# 
    72     001B                     	;# 
    73     001C                     	;# 
    74     001E                     	;# 
    75     001F                     	;# 
    76     008C                     	;# 
    77     0091                     	;# 
    78     0092                     	;# 
    79     0095                     	;# 
    80     0096                     	;# 
    81     0097                     	;# 
    82     0098                     	;# 
    83     0099                     	;# 
    84     009A                     	;# 
    85     009B                     	;# 
    86     009B                     	;# 
    87     009C                     	;# 
    88     009D                     	;# 
    89     009E                     	;# 
    90     010C                     	;# 
    91     0111                     	;# 
    92     0112                     	;# 
    93     0115                     	;# 
    94     0116                     	;# 
    95     0117                     	;# 
    96     0118                     	;# 
    97     0119                     	;# 
    98     011A                     	;# 
    99     011B                     	;# 
   100     011D                     	;# 
   101     011D                     	;# 
   102     018C                     	;# 
   103     0191                     	;# 
   104     0191                     	;# 
   105     0192                     	;# 
   106     0193                     	;# 
   107     0193                     	;# 
   108     0193                     	;# 
   109     0194                     	;# 
   110     0195                     	;# 
   111     0196                     	;# 
   112     0199                     	;# 
   113     019A                     	;# 
   114     019B                     	;# 
   115     019B                     	;# 
   116     019B                     	;# 
   117     019B                     	;# 
   118     019C                     	;# 
   119     019C                     	;# 
   120     019D                     	;# 
   121     019E                     	;# 
   122     019F                     	;# 
   123     020C                     	;# 
   124     0211                     	;# 
   125     0211                     	;# 
   126     0212                     	;# 
   127     0212                     	;# 
   128     0213                     	;# 
   129     0213                     	;# 
   130     0214                     	;# 
   131     0214                     	;# 
   132     0215                     	;# 
   133     0215                     	;# 
   134     0215                     	;# 
   135     0216                     	;# 
   136     0216                     	;# 
   137     0217                     	;# 
   138     0217                     	;# 
   139     0291                     	;# 
   140     0291                     	;# 
   141     0292                     	;# 
   142     0293                     	;# 
   143     0294                     	;# 
   144     0295                     	;# 
   145     0295                     	;# 
   146     0296                     	;# 
   147     0391                     	;# 
   148     0392                     	;# 
   149     0393                     	;# 
   150     039A                     	;# 
   151     039C                     	;# 
   152     039D                     	;# 
   153     039E                     	;# 
   154     039F                     	;# 
   155     0FE4                     	;# 
   156     0FE5                     	;# 
   157     0FE6                     	;# 
   158     0FE7                     	;# 
   159     0FE8                     	;# 
   160     0FE9                     	;# 
   161     0FEA                     	;# 
   162     0FEB                     	;# 
   163     0FED                     	;# 
   164     0FEE                     	;# 
   165     0FEF                     	;# 
   166     0000                     	;# 
   167     0001                     	;# 
   168     0002                     	;# 
   169     0003                     	;# 
   170     0004                     	;# 
   171     0005                     	;# 
   172     0006                     	;# 
   173     0007                     	;# 
   174     0008                     	;# 
   175     0009                     	;# 
   176     000A                     	;# 
   177     000B                     	;# 
   178     000C                     	;# 
   179     0011                     	;# 
   180     0012                     	;# 
   181     0015                     	;# 
   182     0016                     	;# 
   183     0016                     	;# 
   184     0017                     	;# 
   185     0018                     	;# 
   186     0019                     	;# 
   187     001A                     	;# 
   188     001B                     	;# 
   189     001C                     	;# 
   190     001E                     	;# 
   191     001F                     	;# 
   192     008C                     	;# 
   193     0091                     	;# 
   194     0092                     	;# 
   195     0095                     	;# 
   196     0096                     	;# 
   197     0097                     	;# 
   198     0098                     	;# 
   199     0099                     	;# 
   200     009A                     	;# 
   201     009B                     	;# 
   202     009B                     	;# 
   203     009C                     	;# 
   204     009D                     	;# 
   205     009E                     	;# 
   206     010C                     	;# 
   207     0111                     	;# 
   208     0112                     	;# 
   209     0115                     	;# 
   210     0116                     	;# 
   211     0117                     	;# 
   212     0118                     	;# 
   213     0119                     	;# 
   214     011A                     	;# 
   215     011B                     	;# 
   216     011D                     	;# 
   217     011D                     	;# 
   218     018C                     	;# 
   219     0191                     	;# 
   220     0191                     	;# 
   221     0192                     	;# 
   222     0193                     	;# 
   223     0193                     	;# 
   224     0193                     	;# 
   225     0194                     	;# 
   226     0195                     	;# 
   227     0196                     	;# 
   228     0199                     	;# 
   229     019A                     	;# 
   230     019B                     	;# 
   231     019B                     	;# 
   232     019B                     	;# 
   233     019B                     	;# 
   234     019C                     	;# 
   235     019C                     	;# 
   236     019D                     	;# 
   237     019E                     	;# 
   238     019F                     	;# 
   239     020C                     	;# 
   240     0211                     	;# 
   241     0211                     	;# 
   242     0212                     	;# 
   243     0212                     	;# 
   244     0213                     	;# 
   245     0213                     	;# 
   246     0214                     	;# 
   247     0214                     	;# 
   248     0215                     	;# 
   249     0215                     	;# 
   250     0215                     	;# 
   251     0216                     	;# 
   252     0216                     	;# 
   253     0217                     	;# 
   254     0217                     	;# 
   255     0291                     	;# 
   256     0291                     	;# 
   257     0292                     	;# 
   258     0293                     	;# 
   259     0294                     	;# 
   260     0295                     	;# 
   261     0295                     	;# 
   262     0296                     	;# 
   263     0391                     	;# 
   264     0392                     	;# 
   265     0393                     	;# 
   266     039A                     	;# 
   267     039C                     	;# 
   268     039D                     	;# 
   269     039E                     	;# 
   270     039F                     	;# 
   271     0FE4                     	;# 
   272     0FE5                     	;# 
   273     0FE6                     	;# 
   274     0FE7                     	;# 
   275     0FE8                     	;# 
   276     0FE9                     	;# 
   277     0FEA                     	;# 
   278     0FEB                     	;# 
   279     0FED                     	;# 
   280     0FEE                     	;# 
   281     0FEF                     	;# 
   282     0000                     	;# 
   283     0001                     	;# 
   284     0002                     	;# 
   285     0003                     	;# 
   286     0004                     	;# 
   287     0005                     	;# 
   288     0006                     	;# 
   289     0007                     	;# 
   290     0008                     	;# 
   291     0009                     	;# 
   292     000A                     	;# 
   293     000B                     	;# 
   294     000C                     	;# 
   295     0011                     	;# 
   296     0012                     	;# 
   297     0015                     	;# 
   298     0016                     	;# 
   299     0016                     	;# 
   300     0017                     	;# 
   301     0018                     	;# 
   302     0019                     	;# 
   303     001A                     	;# 
   304     001B                     	;# 
   305     001C                     	;# 
   306     001E                     	;# 
   307     001F                     	;# 
   308     008C                     	;# 
   309     0091                     	;# 
   310     0092                     	;# 
   311     0095                     	;# 
   312     0096                     	;# 
   313     0097                     	;# 
   314     0098                     	;# 
   315     0099                     	;# 
   316     009A                     	;# 
   317     009B                     	;# 
   318     009B                     	;# 
   319     009C                     	;# 
   320     009D                     	;# 
   321     009E                     	;# 
   322     010C                     	;# 
   323     0111                     	;# 
   324     0112                     	;# 
   325     0115                     	;# 
   326     0116                     	;# 
   327     0117                     	;# 
   328     0118                     	;# 
   329     0119                     	;# 
   330     011A                     	;# 
   331     011B                     	;# 
   332     011D                     	;# 
   333     011D                     	;# 
   334     018C                     	;# 
   335     0191                     	;# 
   336     0191                     	;# 
   337     0192                     	;# 
   338     0193                     	;# 
   339     0193                     	;# 
   340     0193                     	;# 
   341     0194                     	;# 
   342     0195                     	;# 
   343     0196                     	;# 
   344     0199                     	;# 
   345     019A                     	;# 
   346     019B                     	;# 
   347     019B                     	;# 
   348     019B                     	;# 
   349     019B                     	;# 
   350     019C                     	;# 
   351     019C                     	;# 
   352     019D                     	;# 
   353     019E                     	;# 
   354     019F                     	;# 
   355     020C                     	;# 
   356     0211                     	;# 
   357     0211                     	;# 
   358     0212                     	;# 
   359     0212                     	;# 
   360     0213                     	;# 
   361     0213                     	;# 
   362     0214                     	;# 
   363     0214                     	;# 
   364     0215                     	;# 
   365     0215                     	;# 
   366     0215                     	;# 
   367     0216                     	;# 
   368     0216                     	;# 
   369     0217                     	;# 
   370     0217                     	;# 
   371     0291                     	;# 
   372     0291                     	;# 
   373     0292                     	;# 
   374     0293                     	;# 
   375     0294                     	;# 
   376     0295                     	;# 
   377     0295                     	;# 
   378     0296                     	;# 
   379     0391                     	;# 
   380     0392                     	;# 
   381     0393                     	;# 
   382     039A                     	;# 
   383     039C                     	;# 
   384     039D                     	;# 
   385     039E                     	;# 
   386     039F                     	;# 
   387     0FE4                     	;# 
   388     0FE5                     	;# 
   389     0FE6                     	;# 
   390     0FE7                     	;# 
   391     0FE8                     	;# 
   392     0FE9                     	;# 
   393     0FEA                     	;# 
   394     0FEB                     	;# 
   395     0FED                     	;# 
   396     0FEE                     	;# 
   397     0FEF                     	;# 
   398     0016                     _TMR1L	set	22
   399     0017                     _TMR1H	set	23
   400     0011                     _PIR1	set	17
   401     0011                     _PIR1bits	set	17
   402     0018                     _T1CON	set	24
   403     000B                     _INTCON	set	11
   404     000C                     _PORTA	set	12
   405     0091                     _PIE1	set	145
   406     008C                     _TRISA	set	140
   407     0099                     _OSCCON	set	153
   408     018C                     _ANSELA	set	396
   409     0291                     _CCPR1L	set	657
   410     0292                     _CCPR1H	set	658
   411     0293                     _CCP1CON	set	659
   412                           
   413                           	psect	cinit
   414     0058                     start_initialization:	
   415                           ; #config settings
   416                           
   417     0058                     __initialization:
   418                           
   419                           ; Clear objects allocated to COMMON
   420     0058  01F5               	clrf	__pbssCOMMON& (0+127)
   421     0059  01F6               	clrf	(__pbssCOMMON+1)& (0+127)
   422     005A                     end_of_initialization:	
   423                           ;End of C runtime variable initialization code
   424                           
   425     005A                     __end_of__initialization:
   426     005A  107E               	bcf	int$flags,0	;clear compiler interrupt flag (level 1)
   427     005B  0020               	movlb	0
   428     005C  288C               	ljmp	_main	;jump to C main() function
   429                           
   430                           	psect	bssCOMMON
   431     0075                     __pbssCOMMON:
   432     0075                     _DATA:
   433     0075                     	ds	1
   434     0076                     _COM_FLAG:
   435     0076                     	ds	1
   436                           
   437                           	psect	cstackCOMMON
   438     0070                     __pcstackCOMMON:
   439     0070                     ?_Preamble:
   440     0070                     ?_DATA_Sampling:	
   441                           ; 1 bytes @ 0x0
   442                           
   443     0070                     ?_main:	
   444                           ; 1 bytes @ 0x0
   445                           
   446     0070                     ?_isr:	
   447                           ; 1 bytes @ 0x0
   448                           
   449     0070                     ??_isr:	
   450                           ; 1 bytes @ 0x0
   451                           
   452                           
   453                           ; 1 bytes @ 0x0
   454     0070                     	ds	1
   455     0071                     isr@COUNT:
   456                           
   457                           ; 2 bytes @ 0x1
   458     0071                     	ds	2
   459     0073                     ??_Preamble:
   460     0073                     ??_DATA_Sampling:	
   461                           ; 1 bytes @ 0x3
   462                           
   463                           
   464                           ; 1 bytes @ 0x3
   465     0073                     	ds	1
   466     0074                     Preamble@CO:
   467     0074                     DATA_Sampling@CO:	
   468                           ; 1 bytes @ 0x4
   469                           
   470                           
   471                           ; 1 bytes @ 0x4
   472     0074                     	ds	1
   473     0075                     ??_main:
   474                           
   475                           	psect	maintext
   476     008C                     __pmaintext:	
   477                           ; 1 bytes @ 0x5
   478 ;;
   479 ;;Main: autosize = 0, tempsize = 0, incstack = 0, save=0
   480 ;;
   481 ;; *************** function _main *****************
   482 ;; Defined at:
   483 ;;		line 16 in file "Project_ATCS_Decorder_Main.c"
   484 ;; Parameters:    Size  Location     Type
   485 ;;		None
   486 ;; Auto vars:     Size  Location     Type
   487 ;;		None
   488 ;; Return value:  Size  Location     Type
   489 ;;                  1    wreg      void 
   490 ;; Registers used:
   491 ;;		wreg, status,2, status,0, pclath, cstack
   492 ;; Tracked objects:
   493 ;;		On entry : B1F/0
   494 ;;		On exit  : 0/0
   495 ;;		Unchanged: 0/0
   496 ;; Data sizes:     COMMON   BANK0   BANK1
   497 ;;      Params:         0       0       0
   498 ;;      Locals:         0       0       0
   499 ;;      Temps:          0       0       0
   500 ;;      Totals:         0       0       0
   501 ;;Total ram usage:        0 bytes
   502 ;; Hardware stack levels required when called: 2
   503 ;; This function calls:
   504 ;;		_DATA_Sampling
   505 ;;		_Preamble
   506 ;; This function is called by:
   507 ;;		Startup code after reset
   508 ;; This function uses a non-reentrant model
   509 ;;
   510                           
   511     008C                     _main:	
   512                           ;psect for function _main
   513                           
   514     008C                     l738:	
   515                           ;incstack = 0
   516                           ; Regs used in _main: [wreg+status,2+status,0+pclath+cstack]
   517                           
   518                           
   519                           ;Project_ATCS_Decorder_Main.c: 18:     OSCCON = 0x72;
   520     008C  3072               	movlw	114
   521     008D  0021               	movlb	1	; select bank1
   522     008E  0099               	movwf	25	;volatile
   523     008F                     l740:
   524                           
   525                           ;Project_ATCS_Decorder_Main.c: 19:     ANSELA = 0x00;
   526     008F  0023               	movlb	3	; select bank3
   527     0090  018C               	clrf	12	;volatile
   528     0091                     l742:
   529                           
   530                           ;Project_ATCS_Decorder_Main.c: 21:     TRISA = 0x04;
   531     0091  3004               	movlw	4
   532     0092  0021               	movlb	1	; select bank1
   533     0093  008C               	movwf	12	;volatile
   534                           
   535                           ;Project_ATCS_Decorder_Main.c: 22:     PORTA = 0x00;
   536     0094  0020               	movlb	0	; select bank0
   537     0095  018C               	clrf	12	;volatile
   538     0096                     l744:
   539                           
   540                           ;Project_ATCS_Decorder_Main.c: 24:     INTCON = 0xC0;
   541     0096  30C0               	movlw	192
   542     0097  008B               	movwf	11	;volatile
   543     0098                     l746:
   544                           
   545                           ;Project_ATCS_Decorder_Main.c: 25:     PIE1 = 0x85;
   546     0098  3085               	movlw	133
   547     0099  0021               	movlb	1	; select bank1
   548     009A  0091               	movwf	17	;volatile
   549     009B                     l748:
   550                           
   551                           ;Project_ATCS_Decorder_Main.c: 26:     CCP1CON = 0x05;
   552     009B  3005               	movlw	5
   553     009C  0025               	movlb	5	; select bank5
   554     009D  0093               	movwf	19	;volatile
   555     009E                     l750:
   556                           
   557                           ;Project_ATCS_Decorder_Main.c: 27:     T1CON = 0x01;
   558     009E  3001               	movlw	1
   559     009F  0020               	movlb	0	; select bank0
   560     00A0  0098               	movwf	24	;volatile
   561     00A1                     l752:
   562                           
   563                           ;Project_ATCS_Decorder_Main.c: 32:             Preamble();
   564     00A1  3180  20B5  3180   	fcall	_Preamble
   565     00A4                     l754:
   566                           
   567                           ;Project_ATCS_Decorder_Main.c: 33:         }while(COM_FLAG & 0x08);
   568     00A4  19F6               	btfsc	_COM_FLAG,3
   569     00A5  28A7               	goto	u91
   570     00A6  28A8               	goto	u90
   571     00A7                     u91:
   572     00A7  28A1               	goto	l752
   573     00A8                     u90:
   574     00A8                     l756:
   575                           
   576                           ;Project_ATCS_Decorder_Main.c: 34:         COM_FLAG = COM_FLAG & 0xEF;
   577     00A8  0876               	movf	_COM_FLAG,w
   578     00A9  39EF               	andlw	239
   579     00AA  00F6               	movwf	_COM_FLAG
   580     00AB                     l758:	
   581                           ;Project_ATCS_Decorder_Main.c: 35:         while(DATA_Sampling()){
   582                           
   583                           
   584                           ;Project_ATCS_Decorder_Main.c: 35:         while(DATA_Sampling()){
   585     00AB  3180  205D  3180   	fcall	_DATA_Sampling
   586     00AE  3A00               	xorlw	0
   587     00AF  1D03               	skipz
   588     00B0  28B2               	goto	u101
   589     00B1  28B3               	goto	u100
   590     00B2                     u101:
   591     00B2  28AB               	goto	l758
   592     00B3                     u100:
   593     00B3  28A1               	goto	l752
   594     00B4  2857               	ljmp	start
   595     00B5                     __end_of_main:
   596                           
   597                           	psect	text1
   598     00B5                     __ptext1:	
   599 ;; *************** function _Preamble *****************
   600 ;; Defined at:
   601 ;;		line 12 in file "Project_ATCS_Decorder_SinkLayer.c"
   602 ;; Parameters:    Size  Location     Type
   603 ;;		None
   604 ;; Auto vars:     Size  Location     Type
   605 ;;  CO              1    4[COMMON] unsigned char 
   606 ;; Return value:  Size  Location     Type
   607 ;;                  1    wreg      void 
   608 ;; Registers used:
   609 ;;		wreg, status,2, status,0
   610 ;; Tracked objects:
   611 ;;		On entry : 0/0
   612 ;;		On exit  : 0/0
   613 ;;		Unchanged: 0/0
   614 ;; Data sizes:     COMMON   BANK0   BANK1
   615 ;;      Params:         0       0       0
   616 ;;      Locals:         1       0       0
   617 ;;      Temps:          1       0       0
   618 ;;      Totals:         2       0       0
   619 ;;Total ram usage:        2 bytes
   620 ;; Hardware stack levels used: 1
   621 ;; Hardware stack levels required when called: 1
   622 ;; This function calls:
   623 ;;		Nothing
   624 ;; This function is called by:
   625 ;;		_main
   626 ;; This function uses a non-reentrant model
   627 ;;
   628                           
   629     00B5                     _Preamble:	
   630                           ;psect for function _Preamble
   631                           
   632     00B5                     l698:	
   633                           ;incstack = 0
   634                           ; Regs used in _Preamble: [wreg+status,2+status,0]
   635                           
   636                           
   637                           ;Project_ATCS_Decorder_SinkLayer.c: 13:     UnCHR CO = 0x00;
   638     00B5  01F4               	clrf	Preamble@CO
   639                           
   640                           ;Project_ATCS_Decorder_SinkLayer.c: 14:     while(COM_FLAG & 0x01){
   641     00B6  28C2               	goto	l704
   642     00B7                     l700:
   643                           
   644                           ;Project_ATCS_Decorder_SinkLayer.c: 15:         COM_FLAG = COM_FLAG & 0xFB;
   645     00B7  0876               	movf	_COM_FLAG,w
   646     00B8  39FB               	andlw	251
   647     00B9  00F6               	movwf	_COM_FLAG
   648     00BA                     l71:	
   649                           ;Project_ATCS_Decorder_SinkLayer.c: 16:         while(COM_FLAG & 0x04);
   650                           
   651     00BA  1976               	btfsc	_COM_FLAG,2
   652     00BB  28BD               	goto	u11
   653     00BC  28BE               	goto	u10
   654     00BD                     u11:
   655     00BD  28BA               	goto	l71
   656     00BE                     u10:
   657     00BE                     l702:
   658                           
   659                           ;Project_ATCS_Decorder_SinkLayer.c: 17:         CO++;
   660     00BE  3001               	movlw	1
   661     00BF  00F3               	movwf	??_Preamble
   662     00C0  0873               	movf	??_Preamble,w
   663     00C1  07F4               	addwf	Preamble@CO,f
   664     00C2                     l704:
   665                           
   666                           ;Project_ATCS_Decorder_SinkLayer.c: 14:     while(COM_FLAG & 0x01){
   667     00C2  1876               	btfsc	_COM_FLAG,0
   668     00C3  28C5               	goto	u21
   669     00C4  28C6               	goto	u20
   670     00C5                     u21:
   671     00C5  28B7               	goto	l700
   672     00C6                     u20:
   673     00C6                     l706:
   674                           
   675                           ;Project_ATCS_Decorder_SinkLayer.c: 19:     if(CO >= 12){
   676     00C6  300C               	movlw	12
   677     00C7  0274               	subwf	Preamble@CO,w
   678     00C8  1C03               	skipc
   679     00C9  28CB               	goto	u31
   680     00CA  28CC               	goto	u30
   681     00CB                     u31:
   682     00CB  28CF               	goto	l76
   683     00CC                     u30:
   684     00CC                     l708:
   685                           
   686                           ;Project_ATCS_Decorder_SinkLayer.c: 20:         COM_FLAG = COM_FLAG & 0xF7;
   687     00CC  0876               	movf	_COM_FLAG,w
   688     00CD  39F7               	andlw	247
   689     00CE  00F6               	movwf	_COM_FLAG
   690     00CF                     l76:
   691     00CF  0008               	return
   692     00D0                     __end_of_Preamble:
   693                           
   694                           	psect	text2
   695     005D                     __ptext2:	
   696 ;; *************** function _DATA_Sampling *****************
   697 ;; Defined at:
   698 ;;		line 23 in file "Project_ATCS_Decorder_SinkLayer.c"
   699 ;; Parameters:    Size  Location     Type
   700 ;;		None
   701 ;; Auto vars:     Size  Location     Type
   702 ;;  CO              1    4[COMMON] unsigned char 
   703 ;; Return value:  Size  Location     Type
   704 ;;                  1    wreg      unsigned char 
   705 ;; Registers used:
   706 ;;		wreg, status,2, status,0
   707 ;; Tracked objects:
   708 ;;		On entry : 0/0
   709 ;;		On exit  : 0/0
   710 ;;		Unchanged: 0/0
   711 ;; Data sizes:     COMMON   BANK0   BANK1
   712 ;;      Params:         0       0       0
   713 ;;      Locals:         1       0       0
   714 ;;      Temps:          1       0       0
   715 ;;      Totals:         2       0       0
   716 ;;Total ram usage:        2 bytes
   717 ;; Hardware stack levels used: 1
   718 ;; Hardware stack levels required when called: 1
   719 ;; This function calls:
   720 ;;		Nothing
   721 ;; This function is called by:
   722 ;;		_main
   723 ;; This function uses a non-reentrant model
   724 ;;
   725                           
   726     005D                     _DATA_Sampling:	
   727                           ;psect for function _DATA_Sampling
   728                           
   729     005D                     l710:	
   730                           ;incstack = 0
   731                           ; Regs used in _DATA_Sampling: [wreg+status,2+status,0]
   732                           
   733                           
   734                           ;Project_ATCS_Decorder_SinkLayer.c: 24:     UnCHR CO = 0x00;
   735     005D  01F4               	clrf	DATA_Sampling@CO
   736                           
   737                           ;Project_ATCS_Decorder_SinkLayer.c: 25:     while(CO < 8){
   738     005E  2874               	goto	l722
   739     005F                     l80:
   740                           
   741                           ;Project_ATCS_Decorder_SinkLayer.c: 26:         if(COM_FLAG & 0b00000100){
   742     005F  1D76               	btfss	_COM_FLAG,2
   743     0060  2862               	goto	u41
   744     0061  2863               	goto	u40
   745     0062                     u41:
   746     0062  2874               	goto	l722
   747     0063                     u40:
   748     0063                     l712:
   749                           
   750                           ;Project_ATCS_Decorder_SinkLayer.c: 27:             if(COM_FLAG & 0b00000001){
   751     0063  1C76               	btfss	_COM_FLAG,0
   752     0064  2866               	goto	u51
   753     0065  2867               	goto	u50
   754     0066                     u51:
   755     0066  286A               	goto	l716
   756     0067                     u50:
   757     0067                     l714:
   758                           
   759                           ;Project_ATCS_Decorder_SinkLayer.c: 28:                 DATA = (UnCHR) (DATA << 1) | 0x0
      +                          1;
   760     0067  1403               	setc
   761     0068  0DF5               	rlf	_DATA,f
   762                           
   763                           ;Project_ATCS_Decorder_SinkLayer.c: 29:             }else{
   764     0069  286D               	goto	l718
   765     006A                     l716:
   766                           
   767                           ;Project_ATCS_Decorder_SinkLayer.c: 30:                 DATA = (UnCHR) (DATA << 1) & 0xF
      +                          E;
   768     006A  3575               	lslf	_DATA,w
   769     006B  39FE               	andlw	254
   770     006C  00F5               	movwf	_DATA
   771     006D                     l718:
   772                           
   773                           ;Project_ATCS_Decorder_SinkLayer.c: 32:             COM_FLAG = COM_FLAG & 0xFB;
   774     006D  0876               	movf	_COM_FLAG,w
   775     006E  39FB               	andlw	251
   776     006F  00F6               	movwf	_COM_FLAG
   777     0070                     l720:
   778                           
   779                           ;Project_ATCS_Decorder_SinkLayer.c: 33:             CO++;
   780     0070  3001               	movlw	1
   781     0071  00F3               	movwf	??_DATA_Sampling
   782     0072  0873               	movf	??_DATA_Sampling,w
   783     0073  07F4               	addwf	DATA_Sampling@CO,f
   784     0074                     l722:
   785                           
   786                           ;Project_ATCS_Decorder_SinkLayer.c: 25:     while(CO < 8){
   787     0074  3008               	movlw	8
   788     0075  0274               	subwf	DATA_Sampling@CO,w
   789     0076  1C03               	skipc
   790     0077  2879               	goto	u61
   791     0078  287A               	goto	u60
   792     0079                     u61:
   793     0079  285F               	goto	l80
   794     007A                     u60:
   795     007A                     l85:
   796     007A  1D76               	btfss	_COM_FLAG,2
   797     007B  287D               	goto	u71
   798     007C  287E               	goto	u70
   799     007D                     u71:
   800     007D  287A               	goto	l85
   801     007E                     u70:
   802     007E                     l87:
   803                           
   804                           ;Project_ATCS_Decorder_SinkLayer.c: 37:     if(COM_FLAG & 0b00000001){
   805     007E  1C76               	btfss	_COM_FLAG,0
   806     007F  2881               	goto	u81
   807     0080  2882               	goto	u80
   808     0081                     u81:
   809     0081  2887               	goto	l732
   810     0082                     u80:
   811     0082                     l724:
   812                           
   813                           ;Project_ATCS_Decorder_SinkLayer.c: 38:         COM_FLAG = COM_FLAG & 0xFB;
   814     0082  0876               	movf	_COM_FLAG,w
   815     0083  39FB               	andlw	251
   816     0084  00F6               	movwf	_COM_FLAG
   817     0085                     l726:
   818                           
   819                           ;Project_ATCS_Decorder_SinkLayer.c: 39:         return 0;
   820     0085  3000               	movlw	0
   821     0086  288B               	goto	l89
   822     0087                     l732:
   823                           
   824                           ;Project_ATCS_Decorder_SinkLayer.c: 41:         COM_FLAG = COM_FLAG & 0xFB;
   825     0087  0876               	movf	_COM_FLAG,w
   826     0088  39FB               	andlw	251
   827     0089  00F6               	movwf	_COM_FLAG
   828     008A                     l734:
   829                           
   830                           ;Project_ATCS_Decorder_SinkLayer.c: 42:         return 1;
   831     008A  3001               	movlw	1
   832     008B                     l89:
   833     008B  0008               	return
   834     008C                     __end_of_DATA_Sampling:
   835                           
   836                           	psect	intentry
   837     0004                     __pintentry:	
   838 ;; *************** function _isr *****************
   839 ;; Defined at:
   840 ;;		line 42 in file "Project_ATCS_Decorder_Main.c"
   841 ;; Parameters:    Size  Location     Type
   842 ;;		None
   843 ;; Auto vars:     Size  Location     Type
   844 ;;  COUNT           2    1[COMMON] int 
   845 ;; Return value:  Size  Location     Type
   846 ;;                  1    wreg      void 
   847 ;; Registers used:
   848 ;;		wreg, status,2
   849 ;; Tracked objects:
   850 ;;		On entry : 0/0
   851 ;;		On exit  : 0/0
   852 ;;		Unchanged: 0/0
   853 ;; Data sizes:     COMMON   BANK0   BANK1
   854 ;;      Params:         0       0       0
   855 ;;      Locals:         2       0       0
   856 ;;      Temps:          1       0       0
   857 ;;      Totals:         3       0       0
   858 ;;Total ram usage:        3 bytes
   859 ;; Hardware stack levels used: 1
   860 ;; This function calls:
   861 ;;		Nothing
   862 ;; This function is called by:
   863 ;;		Interrupt level 1
   864 ;; This function uses a non-reentrant model
   865 ;;
   866                           
   867     0004                     _isr:
   868                           
   869                           ;incstack = 0
   870     0004  147E               	bsf	int$flags,0	;set compiler interrupt flag (level 1)
   871                           
   872                           ; Regs used in _isr: [wreg+status,2]
   873     0005  3180               	pagesel	$
   874     0006                     i1l760:
   875     0006                     i1l762:
   876                           
   877                           ;Project_ATCS_Decorder_Main.c: 44:     if(PIR1bits.CCP1IF){
   878     0006  0020               	movlb	0	; select bank0
   879     0007  1D11               	btfss	17,2	;volatile
   880     0008  280A               	goto	u11_21
   881     0009  280B               	goto	u11_20
   882     000A                     u11_21:
   883     000A  284D               	goto	i1l54
   884     000B                     u11_20:
   885     000B                     i1l764:
   886                           
   887                           ;Project_ATCS_Decorder_Main.c: 45:         PIR1 = 0x00;
   888     000B  0191               	clrf	17	;volatile
   889                           
   890                           ;Project_ATCS_Decorder_Main.c: 46:         TMR1H = 0x00;
   891     000C  0197               	clrf	23	;volatile
   892                           
   893                           ;Project_ATCS_Decorder_Main.c: 47:         TMR1L = 0x00;
   894     000D  0196               	clrf	22	;volatile
   895     000E                     i1l766:
   896                           
   897                           ;Project_ATCS_Decorder_Main.c: 48:         COUNT = CCPR1H << 8 | CCPR1L;
   898     000E  0025               	movlb	5	; select bank5
   899     000F  0812               	movf	18,w	;volatile
   900     0010  00F2               	movwf	isr@COUNT+1
   901     0011  0811               	movf	17,w	;volatile
   902     0012  00F1               	movwf	isr@COUNT
   903     0013                     i1l768:
   904                           
   905                           ;Project_ATCS_Decorder_Main.c: 50:         if(COUNT >= 0x00C0 && COUNT <= 0x0100 && !(CO
      +                          M_FLAG & 0x02) ){
   906     0013  0872               	movf	isr@COUNT+1,w
   907     0014  3A80               	xorlw	128
   908     0015  00F0               	movwf	??_isr
   909     0016  3080               	movlw	128
   910     0017  0270               	subwf	??_isr,w
   911     0018  1D03               	skipz
   912     0019  281C               	goto	u12_25
   913     001A  30C0               	movlw	192
   914     001B  0271               	subwf	isr@COUNT,w
   915     001C                     u12_25:
   916     001C  1C03               	skipc
   917     001D  281F               	goto	u12_21
   918     001E  2820               	goto	u12_20
   919     001F                     u12_21:
   920     001F  2835               	goto	i1l776
   921     0020                     u12_20:
   922     0020                     i1l770:
   923     0020  0872               	movf	isr@COUNT+1,w
   924     0021  3A80               	xorlw	128
   925     0022  00F0               	movwf	??_isr
   926     0023  3081               	movlw	129
   927     0024  0270               	subwf	??_isr,w
   928     0025  1D03               	skipz
   929     0026  2829               	goto	u13_25
   930     0027  3001               	movlw	1
   931     0028  0271               	subwf	isr@COUNT,w
   932     0029                     u13_25:
   933     0029  1803               	skipnc
   934     002A  282C               	goto	u13_21
   935     002B  282D               	goto	u13_20
   936     002C                     u13_21:
   937     002C  2835               	goto	i1l776
   938     002D                     u13_20:
   939     002D                     i1l772:
   940     002D  18F6               	btfsc	_COM_FLAG,1
   941     002E  2830               	goto	u14_21
   942     002F  2831               	goto	u14_20
   943     0030                     u14_21:
   944     0030  2835               	goto	i1l776
   945     0031                     u14_20:
   946     0031                     i1l774:
   947                           
   948                           ;Project_ATCS_Decorder_Main.c: 51:             COM_FLAG = COM_FLAG | 0x01;
   949     0031  0876               	movf	_COM_FLAG,w
   950     0032  3801               	iorlw	1
   951     0033  00F6               	movwf	_COM_FLAG
   952                           
   953                           ;Project_ATCS_Decorder_Main.c: 52:         }
   954     0034  2849               	goto	i1l56
   955     0035                     i1l776:
   956     0035  0872               	movf	isr@COUNT+1,w
   957     0036  3A80               	xorlw	128
   958     0037  00F0               	movwf	??_isr
   959     0038  3080               	movlw	128
   960     0039  0270               	subwf	??_isr,w
   961     003A  1D03               	skipz
   962     003B  283E               	goto	u15_25
   963     003C  3081               	movlw	129
   964     003D  0271               	subwf	isr@COUNT,w
   965     003E                     u15_25:
   966     003E  1803               	skipnc
   967     003F  2841               	goto	u15_21
   968     0040  2842               	goto	u15_20
   969     0041                     u15_21:
   970     0041  2846               	goto	i1l780
   971     0042                     u15_20:
   972     0042                     i1l778:
   973     0042  1CF6               	btfss	_COM_FLAG,1
   974     0043  2845               	goto	u16_21
   975     0044  2846               	goto	u16_20
   976     0045                     u16_21:
   977     0045  2849               	goto	i1l56
   978     0046                     u16_20:
   979     0046                     i1l780:
   980                           
   981                           ;Project_ATCS_Decorder_Main.c: 54:             COM_FLAG = COM_FLAG & 0xFE;
   982     0046  0876               	movf	_COM_FLAG,w
   983     0047  39FE               	andlw	254
   984     0048  00F6               	movwf	_COM_FLAG
   985     0049                     i1l56:
   986                           
   987                           ;Project_ATCS_Decorder_Main.c: 56:         COM_FLAG = COM_FLAG | 0x04;
   988     0049  0876               	movf	_COM_FLAG,w
   989     004A  3804               	iorlw	4
   990     004B  00F6               	movwf	_COM_FLAG
   991                           
   992                           ;Project_ATCS_Decorder_Main.c: 58:     }else if(PIR1bits.TMR1IF){
   993     004C  2855               	goto	i1l62
   994     004D                     i1l54:
   995     004D  1C11               	btfss	17,0	;volatile
   996     004E  2850               	goto	u17_21
   997     004F  2851               	goto	u17_20
   998     0050                     u17_21:
   999     0050  2855               	goto	i1l62
  1000     0051                     u17_20:
  1001     0051                     i1l782:
  1002                           
  1003                           ;Project_ATCS_Decorder_Main.c: 59:         PIR1 = 0x00;
  1004     0051  0191               	clrf	17	;volatile
  1005     0052                     i1l784:
  1006                           
  1007                           ;Project_ATCS_Decorder_Main.c: 60:         COM_FLAG = COM_FLAG | 0x02;
  1008     0052  0876               	movf	_COM_FLAG,w
  1009     0053  3802               	iorlw	2
  1010     0054  00F6               	movwf	_COM_FLAG
  1011     0055                     i1l62:
  1012     0055  107E               	bcf	int$flags,0	;clear compiler interrupt flag (level 1)
  1013     0056  0009               	retfie
  1014     0057                     __end_of_isr:
  1015     007E                     btemp	set	126	;btemp
  1016     007E                     int$flags	set	126
  1017     007E                     wtemp0	set	126
  1018                           
  1019                           	psect	idloc
  1020                           
  1021                           ;Config register IDLOC0 @ 0x8000
  1022                           ;	unspecified, using default values
  1023     8000                     	org	32768
  1024     8000  3FFF               	dw	16383
  1025                           
  1026                           ;Config register IDLOC1 @ 0x8001
  1027                           ;	unspecified, using default values
  1028     8001                     	org	32769
  1029     8001  3FFF               	dw	16383
  1030                           
  1031                           ;Config register IDLOC2 @ 0x8002
  1032                           ;	unspecified, using default values
  1033     8002                     	org	32770
  1034     8002  3FFF               	dw	16383
  1035                           
  1036                           ;Config register IDLOC3 @ 0x8003
  1037                           ;	unspecified, using default values
  1038     8003                     	org	32771
  1039     8003  3FFF               	dw	16383
  1040                           
  1041                           	psect	config
  1042                           
  1043                           ;Config register CONFIG1 @ 0x8007
  1044                           ;	Oscillator Selection
  1045                           ;	FOSC = INTOSC, INTOSC oscillator: I/O function on CLKIN pin
  1046                           ;	Watchdog Timer Enable
  1047                           ;	WDTE = OFF, WDT disabled
  1048                           ;	Power-up Timer Enable
  1049                           ;	PWRTE = ON, PWRT enabled
  1050                           ;	MCLR Pin Function Select
  1051                           ;	MCLRE = OFF, MCLR/VPP pin function is digital input
  1052                           ;	Flash Program Memory Code Protection
  1053                           ;	CP = OFF, Program memory code protection is disabled
  1054                           ;	Data Memory Code Protection
  1055                           ;	CPD = OFF, Data memory code protection is disabled
  1056                           ;	Brown-out Reset Enable
  1057                           ;	BOREN = ON, Brown-out Reset enabled
  1058                           ;	Clock Out Enable
  1059                           ;	CLKOUTEN = OFF, CLKOUT function is disabled. I/O or oscillator function on the CLKOUT 
      +                          pin
  1060                           ;	Internal/External Switchover
  1061                           ;	IESO = OFF, Internal/External Switchover mode is disabled
  1062                           ;	Fail-Safe Clock Monitor Enable
  1063                           ;	FCMEN = OFF, Fail-Safe Clock Monitor is disabled
  1064     8007                     	org	32775
  1065     8007  0F84               	dw	3972
  1066                           
  1067                           ;Config register CONFIG2 @ 0x8008
  1068                           ;	Flash Memory Self-Write Protection
  1069                           ;	WRT = OFF, Write protection off
  1070                           ;	PLL Enable
  1071                           ;	PLLEN = OFF, 4x PLL disabled
  1072                           ;	Stack Overflow/Underflow Reset Enable
  1073                           ;	STVREN = ON, Stack Overflow or Underflow will cause a Reset
  1074                           ;	Brown-out Reset Voltage Selection
  1075                           ;	BORV = HI, Brown-out Reset Voltage (Vbor), high trip point selected.
  1076                           ;	Low-Voltage Programming Enable
  1077                           ;	LVP = OFF, High-voltage on MCLR/VPP must be used for programming
  1078     8008                     	org	32776
  1079     8008  1AFF               	dw	6911

Data Sizes:
    Strings     0
    Constant    0
    Data        0
    BSS         2
    Persistent  32
    Stack       0

Auto Spaces:
    Space          Size  Autos    Used
    COMMON           14      5       7
    BANK0            80      0       0
    BANK1            32      0       0

Pointer List with Targets:

    None.

Critical Paths under _main in COMMON

    _main->_DATA_Sampling
    _main->_Preamble

Critical Paths under _isr in COMMON

    None.

Critical Paths under _main in BANK0

    None.

Critical Paths under _isr in BANK0

    None.

Critical Paths under _main in BANK1

    None.

Critical Paths under _isr in BANK1

    None.

Call Graph Tables:

 ---------------------------------------------------------------------------------
 (Depth) Function   	        Calls       Base Space   Used Autos Params    Refs
 ---------------------------------------------------------------------------------
 (0) _main                                                 0     0      0      30
                      _DATA_Sampling
                           _Preamble
 ---------------------------------------------------------------------------------
 (1) _Preamble                                             2     2      0      15
                                              3 COMMON     2     2      0
 ---------------------------------------------------------------------------------
 (1) _DATA_Sampling                                        2     2      0      15
                                              3 COMMON     2     2      0
 ---------------------------------------------------------------------------------
 Estimated maximum stack depth 1
 ---------------------------------------------------------------------------------
 (Depth) Function   	        Calls       Base Space   Used Autos Params    Refs
 ---------------------------------------------------------------------------------
 (2) _isr                                                  3     3      0      45
                                              0 COMMON     3     3      0
 ---------------------------------------------------------------------------------
 Estimated maximum stack depth 2
 ---------------------------------------------------------------------------------

 Call Graph Graphs:

 _main (ROOT)
   _DATA_Sampling
   _Preamble

 _isr (ROOT)

 Address spaces:
Name               Size   Autos  Total    Cost      Usage
BIGRAM              70      0       0       0        0.0%
EEDATA             100      0       0       0        0.0%
NULL                 0      0       0       0        0.0%
CODE                 0      0       0       0        0.0%
BITCOMMON            E      0       0       1        0.0%
BITSFR0              0      0       0       1        0.0%
SFR0                 0      0       0       1        0.0%
COMMON               E      5       7       2       50.0%
BITSFR1              0      0       0       2        0.0%
SFR1                 0      0       0       2        0.0%
BITSFR2              0      0       0       3        0.0%
SFR2                 0      0       0       3        0.0%
STACK                0      0       0       3        0.0%
BITSFR3              0      0       0       4        0.0%
SFR3                 0      0       0       4        0.0%
ABS                  0      0       7       4        0.0%
BITBANK0            50      0       0       5        0.0%
BITSFR4              0      0       0       5        0.0%
SFR4                 0      0       0       5        0.0%
BANK0               50      0       0       6        0.0%
BITSFR5              0      0       0       6        0.0%
SFR5                 0      0       0       6        0.0%
BITBANK1            20      0       0       7        0.0%
BITSFR6              0      0       0       7        0.0%
SFR6                 0      0       0       7        0.0%
BANK1               20      0       0       8        0.0%
BITSFR7              0      0       0       8        0.0%
SFR7                 0      0       0       8        0.0%
BITSFR8              0      0       0       9        0.0%
SFR8                 0      0       0       9        0.0%
DATA                 0      0       7       9        0.0%
BITSFR9              0      0       0      10        0.0%
SFR9                 0      0       0      10        0.0%
BITSFR10             0      0       0      11        0.0%
SFR10                0      0       0      11        0.0%
BITSFR11             0      0       0      12        0.0%
SFR11                0      0       0      12        0.0%
BITSFR12             0      0       0      13        0.0%
SFR12                0      0       0      13        0.0%
BITSFR13             0      0       0      14        0.0%
SFR13                0      0       0      14        0.0%
BITSFR14             0      0       0      15        0.0%
SFR14                0      0       0      15        0.0%
BITSFR15             0      0       0      16        0.0%
SFR15                0      0       0      16        0.0%
BITSFR16             0      0       0      17        0.0%
SFR16                0      0       0      17        0.0%
BITSFR17             0      0       0      18        0.0%
SFR17                0      0       0      18        0.0%
BITSFR18             0      0       0      19        0.0%
SFR18                0      0       0      19        0.0%
BITSFR19             0      0       0      20        0.0%
SFR19                0      0       0      20        0.0%
BITSFR20             0      0       0      21        0.0%
SFR20                0      0       0      21        0.0%
BITSFR21             0      0       0      22        0.0%
SFR21                0      0       0      22        0.0%
BITSFR22             0      0       0      23        0.0%
SFR22                0      0       0      23        0.0%
BITSFR23             0      0       0      24        0.0%
SFR23                0      0       0      24        0.0%
BITSFR24             0      0       0      25        0.0%
SFR24                0      0       0      25        0.0%
BITSFR25             0      0       0      26        0.0%
SFR25                0      0       0      26        0.0%
BITSFR26             0      0       0      27        0.0%
SFR26                0      0       0      27        0.0%
BITSFR27             0      0       0      28        0.0%
SFR27                0      0       0      28        0.0%
BITSFR28             0      0       0      29        0.0%
SFR28                0      0       0      29        0.0%
BITSFR29             0      0       0      30        0.0%
SFR29                0      0       0      30        0.0%
BITSFR30             0      0       0      31        0.0%
SFR30                0      0       0      31        0.0%
BITSFR31             0      0       0      32        0.0%
SFR31                0      0       0      32        0.0%


Microchip Technology PIC Macro Assembler V2.40 build 20220703182018 
Symbol Table                                                                                   Fri Nov 24 00:41:24 2023

                     l71 00BA                       l80 005F                       l76 00CF  
                     l85 007A                       l87 007E                       l89 008B  
                     u10 00BE                       u11 00BD                       u20 00C6  
                     u21 00C5                       u30 00CC                       u31 00CB  
                     u40 0063                       u41 0062                       u50 0067  
                     u51 0066                       u60 007A                       u61 0079  
                     u70 007E                       u71 007D                       u80 0082  
                     u81 0081                       u90 00A8                       u91 00A7  
                    l700 00B7                      l710 005D                      l702 00BE  
                    l720 0070                      l712 0063                      l704 00C2  
                    l714 0067                      l722 0074                      l706 00C6  
                    l724 0082                      l732 0087                      l716 006A  
                    l708 00CC                      l740 008F                      l734 008A  
                    l726 0085                      l718 006D                      l750 009E  
                    l742 0091                      l752 00A1                      l744 0096  
                    l754 00A4                      l746 0098                      l738 008C  
                    l756 00A8                      l748 009B                      l758 00AB  
                    l698 00B5                      u100 00B3                      u101 00B2  
                    _isr 0004                     ?_isr 0070                     _DATA 0075  
                   _PIE1 0091                     i1l62 0055                     i1l54 004D  
                   i1l56 0049                     _PIR1 0011                     _main 008C  
                   btemp 007E                     start 0057                    ??_isr 0070  
                  ?_main 0070                    _T1CON 0018                    i1l760 0006  
                  i1l770 0020                    i1l762 0006                    i1l780 0046  
                  i1l772 002D                    i1l764 000B                    i1l782 0051  
                  i1l774 0031                    i1l766 000E                    i1l784 0052  
                  i1l776 0035                    i1l768 0013                    i1l778 0042  
                  u11_20 000B                    u11_21 000A                    u12_20 0020  
                  u12_21 001F                    u12_25 001C                    u13_20 002D  
                  u13_21 002C                    u13_25 0029                    u14_20 0031  
                  u14_21 0030                    u15_20 0042                    u15_21 0041  
                  u15_25 003E                    u16_20 0046                    u16_21 0045  
                  u17_20 0051                    u17_21 0050                    _TMR1H 0017  
                  _TMR1L 0016                    _PORTA 000C                    _TRISA 008C  
                  wtemp0 007E          __initialization 0058             __end_of_main 00B5  
                 ??_main 0075         __end_of_Preamble 00D0               Preamble@CO 0074  
                 _CCPR1H 0292                   _CCPR1L 0291                   _ANSELA 018C  
                 _INTCON 000B                   _OSCCON 0099  __end_of__initialization 005A  
         __pcstackCOMMON 0070                ?_Preamble 0070               __pmaintext 008C  
             __pintentry 0004                  _CCP1CON 0293               ??_Preamble 0073  
                __ptext1 00B5                  __ptext2 005D            _DATA_Sampling 005D  
   end_of_initialization 005A           ?_DATA_Sampling 0070      start_initialization 0058  
            __end_of_isr 0057          DATA_Sampling@CO 0074          ??_DATA_Sampling 0073  
            __pbssCOMMON 0075                ___latbits 0000                 _COM_FLAG 0076  
               _PIR1bits 0011                 _Preamble 00B5                 int$flags 007E  
               isr@COUNT 0071                 intlevel1 0000    __end_of_DATA_Sampling 008C  
